<?xml version="1.0" encoding="UTF-8"?>
<testng-results ignored="0" total="1" passed="1" failed="0" skipped="0">
  <reporter-output>
  </reporter-output>
  <suite started-at="2020-10-30T22:35:55 ICT" name="Surefire suite" finished-at="2020-10-30T22:36:05 ICT" duration-ms="10126">
    <groups>
    </groups>
    <test started-at="2020-10-30T22:35:55 ICT" name="Surefire test" finished-at="2020-10-30T22:36:05 ICT" duration-ms="10126">
      <class name="selnium.demo.TitleTest">
        <test-method signature="testTitle()[pri:0, instance:selnium.demo.TitleTest@67c27493]" started-at="2020-10-30T22:35:55 ICT" name="testTitle" finished-at="2020-10-30T22:36:05 ICT" duration-ms="10085" status="PASS">
          <reporter-output>
          </reporter-output>
        </test-method> <!-- testTitle -->
      </class> <!-- selnium.demo.TitleTest -->
    </test> <!-- Surefire test -->
  </suite> <!-- Surefire suite -->
</testng-results>
